<?xml version="1.0" encoding="UTF-8"?>
<!-- Generated by org.testng.reporters.JUnitReportReporter -->
<testsuite skipped="0" hostname="Portmytech-pc-2" name="vivid.test.PaymentScreenTest" tests="1" failures="0" timestamp="27 Nov 2020 13:49:38 GMT" time="0.258" errors="0">
  <testcase name="paymentTest" time="0.258" classname="vivid.test.PaymentScreenTest"/>
</testsuite> <!-- vivid.test.PaymentScreenTest -->
