<?xml version="1.0" encoding="UTF-8"?>
<!-- Generated by org.testng.reporters.JUnitReportReporter -->
<testsuite skipped="0" hostname="Portmytech-pc-2" name="vivid.test.LoginScreenTest" tests="1" failures="0" timestamp="28 Nov 2020 03:11:21 GMT" time="13.654" errors="0">
  <testcase name="loginTest" time="13.654" classname="vivid.test.LoginScreenTest"/>
</testsuite> <!-- vivid.test.LoginScreenTest -->
